

Microchip MPLAB XC8 Assembler V2.36 build 20220127204148 
                                                                                               Tue Feb 14 15:50:52 2023

Microchip MPLAB XC8 C Compiler v2.36 (Free license) build 20220127204148 Og1 
     1                           	processor	18F458
     2                           	fnconf	rparam,??,?,0
     3                           	pagewidth 120
     4                           	opt	flic
     5                           	psect	cinit,global,reloc=2,class=CODE,delta=1
     6                           	psect	bssCOMRAM,global,class=COMRAM,space=1,delta=1,lowdata,noexec
     7                           	psect	cstackCOMRAM,global,class=COMRAM,space=1,delta=1,lowdata,noexec
     8                           	psect	text0,global,reloc=2,class=CODE,delta=1
     9                           	psect	intcode,global,reloc=2,class=CODE,delta=1
    10                           	psect	intsave_regs,global,class=BIGRAM,space=1,delta=1,noexec
    11                           	psect	rparam,global,class=COMRAM,space=1,delta=1,noexec
    12                           	psect	temp,global,ovrld,common,class=COMRAM,space=1,delta=1
    13                           	psect	idloc,global,abs,ovrld,class=IDLOC,space=5,delta=1,noexec
    14                           	psect	config,global,abs,ovrld,class=CONFIG,space=4,delta=1,noexec
    15  0000                     
    16                           ; Version 2.40
    17                           ; Generated 17/11/2021 GMT
    18                           ; 
    19                           ; Copyright © 2021, Microchip Technology Inc. and its subsidiaries ("Microchip")
    20                           ; All rights reserved.
    21                           ; 
    22                           ; This software is developed by Microchip Technology Inc. and its subsidiaries ("Microch
      +                          ip").
    23                           ; 
    24                           ; Redistribution and use in source and binary forms, with or without modification, are
    25                           ; permitted provided that the following conditions are met:
    26                           ; 
    27                           ;     1. Redistributions of source code must retain the above copyright notice, this lis
      +                          t of
    28                           ;        conditions and the following disclaimer.
    29                           ; 
    30                           ;     2. Redistributions in binary form must reproduce the above copyright notice, this 
      +                          list
    31                           ;        of conditions and the following disclaimer in the documentation and/or other
    32                           ;        materials provided with the distribution. Publication is not required when
    33                           ;        this file is used in an embedded application.
    34                           ; 
    35                           ;     3. Microchip's name may not be used to endorse or promote products derived from th
      +                          is
    36                           ;        software without specific prior written permission.
    37                           ; 
    38                           ; THIS SOFTWARE IS PROVIDED BY MICROCHIP "AS IS" AND ANY EXPRESS OR IMPLIED WARRANTIES,
    39                           ; INCLUDING, BUT NOT LIMITED TO, THE IMPLIED WARRANTIES OF MERCHANTABILITY AND FITNESS F
      +                          OR
    40                           ; PURPOSE ARE DISCLAIMED.  IN NO EVENT SHALL MICROCHIP BE LIABLE FOR ANY DIRECT, INDIREC
      +                          T,
    41                           ; INCIDENTAL, SPECIAL, EXEMPLARY, OR CONSEQUENTIAL DAMAGES (INCLUDING BUT NOT LIMITED TO
    42                           ; PROCUREMENT OF SUBSTITUTE GOODS OR SERVICES; LOSS OF USE, DATA OR PROFITS; OR BUSINESS
    43                           ; INTERRUPTION) HOWSOEVER CAUSED AND ON ANY THEORY OF LIABILITY, WHETHER IN CONTRACT, ST
      +                          RICT
    44                           ; LIABILITY, OR TORT (INCLUDING NEGLIGENCE OR OTHERWISE) ARISING IN ANY WAY OUT OF THE U
      +                          SE OF
    45                           ; THIS SOFTWARE, EVEN IF ADVISED OF THE POSSIBILITY OF SUCH DAMAGE.
    46                           ; 
    47                           ; 
    48                           ; Code-generator required, PIC18F458 Definitions
    49                           ; 
    50                           ; SFR Addresses
    51  0000                     _TMR0IF	set	32658
    52  0000                     _PORTDbits	set	3971
    53  0000                     _TRISDbits	set	3989
    54  0000                     _T0CON	set	4053
    55  0000                     _INTCON	set	4082
    56  0000                     _TMR0	set	4054
    57                           
    58                           ; #config settings
    59                           
    60                           	psect	cinit
    61  00009A                     __pcinit:
    62                           	callstack 0
    63  00009A                     start_initialization:
    64                           	callstack 0
    65  00009A                     __initialization:
    66                           	callstack 0
    67                           
    68                           ; Clear objects allocated to COMRAM (1 bytes)
    69  00009A  6A01               	clrf	__pbssCOMRAM& (0+255),c
    70  00009C                     end_of_initialization:
    71                           	callstack 0
    72  00009C                     __end_of__initialization:
    73                           	callstack 0
    74  00009C  9002               	bcf	int$flags,0,c	;clear compiler interrupt flag (level 1)
    75  00009E  9202               	bcf	int$flags,1,c	;clear compiler interrupt flag (level 2)
    76  0000A0  0100               	movlb	0
    77  0000A2  EF18  F000         	goto	_main	;jump to C main() function
    78                           
    79                           	psect	bssCOMRAM
    80  000001                     __pbssCOMRAM:
    81                           	callstack 0
    82  000001                     _i:
    83                           	callstack 0
    84  000001                     	ds	1
    85                           
    86                           	psect	cstackCOMRAM
    87  000000                     __pcstackCOMRAM:
    88                           	callstack 0
    89  000000                     
    90                           ; 1 bytes @ 0x0
    91 ;;
    92 ;;Main: autosize = 0, tempsize = 0, incstack = 0, save=0
    93 ;;
    94 ;; *************** function _main *****************
    95 ;; Defined at:
    96 ;;		line 16 in file "Timer.c"
    97 ;; Parameters:    Size  Location     Type
    98 ;;		None
    99 ;; Auto vars:     Size  Location     Type
   100 ;;		None
   101 ;; Return value:  Size  Location     Type
   102 ;;                  1    wreg      void 
   103 ;; Registers used:
   104 ;;		wreg, status,2, status,0
   105 ;; Tracked objects:
   106 ;;		On entry : 0/0
   107 ;;		On exit  : 0/0
   108 ;;		Unchanged: 0/0
   109 ;; Data sizes:     COMRAM   BANK0   BANK1   BANK2   BANK3   BANK4   BANK5
   110 ;;      Params:         0       0       0       0       0       0       0
   111 ;;      Locals:         0       0       0       0       0       0       0
   112 ;;      Temps:          0       0       0       0       0       0       0
   113 ;;      Totals:         0       0       0       0       0       0       0
   114 ;;Total ram usage:        0 bytes
   115 ;; Hardware stack levels required when called: 1
   116 ;; This function calls:
   117 ;;		Nothing
   118 ;; This function is called by:
   119 ;;		Startup code after reset
   120 ;; This function uses a non-reentrant model
   121 ;;
   122                           
   123                           	psect	text0
   124  000030                     __ptext0:
   125                           	callstack 0
   126  000030                     _main:
   127                           	callstack 30
   128  000030  FFFF               	dw	65535	; assembler added errata NOP
   129                           
   130                           ;Timer.c: 18: INTCON = 0xE0;
   131  000032  0EE0               	movlw	224
   132  000034  6EF2               	movwf	242,c	;volatile
   133                           
   134                           ;Timer.c: 19: T0CON = 0x07;
   135  000036  0E07               	movlw	7
   136  000038  6ED5               	movwf	213,c	;volatile
   137                           
   138                           ;Timer.c: 20: TMR0 = 61 ;
   139  00003A  0E00               	movlw	0
   140  00003C  6ED7               	movwf	215,c	;volatile
   141  00003E  0E3D               	movlw	61
   142  000040  6ED6               	movwf	214,c	;volatile
   143  000042                     
   144                           ;Timer.c: 21: TRISDbits.RD1 =0;
   145  000042  9295               	bcf	149,1,c	;volatile
   146  000044                     l19:
   147  000044  FFFF               	dw	65535	; assembler added errata NOP
   148                           
   149                           ;Timer.c: 24: {;Timer.c: 25: if(i == 0){
   150  000046  5001               	movf	_i^0,w,c
   151  000048  A4D8               	btfss	status,2,c
   152  00004A  EF29  F000         	goto	u11
   153  00004E  EF2C  F000         	goto	u10
   154  000052                     u11:
   155  000052  FFFF               	dw	65535	; assembler added errata NOP
   156  000054  EF2E  F000         	goto	l785
   157  000058                     u10:
   158  000058  FFFF               	dw	65535	; assembler added errata NOP
   159  00005A                     
   160                           ;Timer.c: 26: PORTDbits.RD1 = 1;}
   161  00005A  8283               	bsf	131,1,c	;volatile
   162  00005C                     l785:
   163  00005C  FFFF               	dw	65535	; assembler added errata NOP
   164                           
   165                           ;Timer.c: 27: if(i==100){
   166  00005E  0E64               	movlw	100
   167  000060  1801               	xorwf	_i^0,w,c
   168  000062  A4D8               	btfss	status,2,c
   169  000064  EF36  F000         	goto	u21
   170  000068  EF39  F000         	goto	u20
   171  00006C                     u21:
   172  00006C  FFFF               	dw	65535	; assembler added errata NOP
   173  00006E  EF3B  F000         	goto	l789
   174  000072                     u20:
   175  000072  FFFF               	dw	65535	; assembler added errata NOP
   176  000074                     
   177                           ;Timer.c: 28: PORTDbits.RD1 = 0;}
   178  000074  9283               	bcf	131,1,c	;volatile
   179  000076                     l789:
   180  000076  FFFF               	dw	65535	; assembler added errata NOP
   181                           
   182                           ;Timer.c: 29: if(i==200){
   183  000078  0EC8               	movlw	200
   184  00007A  1801               	xorwf	_i^0,w,c
   185  00007C  A4D8               	btfss	status,2,c
   186  00007E  EF43  F000         	goto	u31
   187  000082  EF46  F000         	goto	u30
   188  000086                     u31:
   189  000086  FFFF               	dw	65535	; assembler added errata NOP
   190  000088  EF22  F000         	goto	l19
   191  00008C                     u30:
   192  00008C  FFFF               	dw	65535	; assembler added errata NOP
   193  00008E                     
   194                           ;Timer.c: 30: i=0;}
   195  00008E  0E00               	movlw	0
   196  000090  6E01               	movwf	_i^0,c
   197  000092  EF22  F000         	goto	l19
   198  000096  EF16  F000         	goto	start
   199  00009A                     __end_of_main:
   200                           	callstack 0
   201                           
   202 ;; *************** function _timer_0 *****************
   203 ;; Defined at:
   204 ;;		line 35 in file "Timer.c"
   205 ;; Parameters:    Size  Location     Type
   206 ;;		None
   207 ;; Auto vars:     Size  Location     Type
   208 ;;		None
   209 ;; Return value:  Size  Location     Type
   210 ;;                  1    wreg      void 
   211 ;; Registers used:
   212 ;;		status,2, status,0
   213 ;; Tracked objects:
   214 ;;		On entry : 0/0
   215 ;;		On exit  : 0/0
   216 ;;		Unchanged: 0/0
   217 ;; Data sizes:     COMRAM   BANK0   BANK1   BANK2   BANK3   BANK4   BANK5
   218 ;;      Params:         0       0       0       0       0       0       0
   219 ;;      Locals:         0       0       0       0       0       0       0
   220 ;;      Temps:          0       0       0       0       0       0       0
   221 ;;      Totals:         0       0       0       0       0       0       0
   222 ;;Total ram usage:        0 bytes
   223 ;; Hardware stack levels used: 1
   224 ;; This function calls:
   225 ;;		Nothing
   226 ;; This function is called by:
   227 ;;		Interrupt level 2
   228 ;; This function uses a non-reentrant model
   229 ;;
   230                           
   231                           	psect	intcode
   232  000008                     __pintcode:
   233                           	callstack 0
   234  000008                     _timer_0:
   235                           	callstack 0
   236  000008  FFFF               	dw	65535	; assembler added errata NOP
   237                           
   238                           ;incstack = 0
   239  00000A  8202               	bsf	int$flags,1,c	;set compiler interrupt flag (level 2)
   240  00000C                     
   241                           ;Timer.c: 37: if(TMR0IF == 1){
   242  00000C  A4F2               	btfss	4082,2,c	;volatile
   243  00000E  EF0B  F000         	goto	i2u4_41
   244  000012  EF0E  F000         	goto	i2u4_40
   245  000016                     i2u4_41:
   246  000016  FFFF               	dw	65535	; assembler added errata NOP
   247  000018  EF11  F000         	goto	i2l31
   248  00001C                     i2u4_40:
   249  00001C  FFFF               	dw	65535	; assembler added errata NOP
   250  00001E                     
   251                           ;Timer.c: 38: i++;
   252  00001E  2A01               	incf	_i^0,f,c
   253  000020                     
   254                           ;Timer.c: 39: TMR0IF =0;
   255  000020  94F2               	bcf	4082,2,c	;volatile
   256  000022                     i2l31:
   257  000022  FFFF               	dw	65535	; assembler added errata NOP
   258  000024  9202               	bcf	int$flags,1,c	;clear compiler interrupt flag (level 2)
   259  000026  0011               	retfie		f
   260  000028  FFFF               	dw	65535	; errata NOP
   261  00002A                     __end_of_timer_0:
   262                           	callstack 0
   263  00002A  FFFF               	dw	65535	; assembler added errata NOP
   264                           
   265                           	psect	rparam
   266  0000                     
   267                           	psect	temp
   268  000002                     btemp:
   269                           	callstack 0
   270  000002                     	ds	1
   271  0000                     int$flags	set	btemp
   272  0000                     wtemp8	set	btemp+1
   273  0000                     ttemp5	set	btemp+1
   274  0000                     ttemp6	set	btemp+4
   275  0000                     ttemp7	set	btemp+8
   276                           
   277                           	psect	idloc
   278                           
   279                           ;Config register IDLOC0 @ 0x200000
   280                           ;	unspecified, using default values
   281  200000                     	org	2097152
   282  200000  FF                 	db	255
   283                           
   284                           ;Config register IDLOC1 @ 0x200001
   285                           ;	unspecified, using default values
   286  200001                     	org	2097153
   287  200001  FF                 	db	255
   288                           
   289                           ;Config register IDLOC2 @ 0x200002
   290                           ;	unspecified, using default values
   291  200002                     	org	2097154
   292  200002  FF                 	db	255
   293                           
   294                           ;Config register IDLOC3 @ 0x200003
   295                           ;	unspecified, using default values
   296  200003                     	org	2097155
   297  200003  FF                 	db	255
   298                           
   299                           ;Config register IDLOC4 @ 0x200004
   300                           ;	unspecified, using default values
   301  200004                     	org	2097156
   302  200004  FF                 	db	255
   303                           
   304                           ;Config register IDLOC5 @ 0x200005
   305                           ;	unspecified, using default values
   306  200005                     	org	2097157
   307  200005  FF                 	db	255
   308                           
   309                           ;Config register IDLOC6 @ 0x200006
   310                           ;	unspecified, using default values
   311  200006                     	org	2097158
   312  200006  FF                 	db	255
   313                           
   314                           ;Config register IDLOC7 @ 0x200007
   315                           ;	unspecified, using default values
   316  200007                     	org	2097159
   317  200007  FF                 	db	255
   318                           
   319                           	psect	config
   320                           
   321                           ; Padding undefined space
   322  300000                     	org	3145728
   323  300000  FF                 	db	255
   324                           
   325                           ;Config register CONFIG1H @ 0x300001
   326                           ;	Oscillator Selection bits
   327                           ;	OSC = HS, HS oscillator
   328                           ;	Oscillator System Clock Switch Enable bit
   329                           ;	OSCS = OFF, Oscillator system clock switch option is disabled (main oscillator is sour
      +                          ce)
   330  300001                     	org	3145729
   331  300001  22                 	db	34
   332                           
   333                           ;Config register CONFIG2L @ 0x300002
   334                           ;	Power-up Timer Enable bit
   335                           ;	PWRT = OFF, PWRT disabled
   336                           ;	Brown-out Reset Enable bit
   337                           ;	BOR = OFF, Brown-out Reset disabled
   338                           ;	Brown-out Reset Voltage bits
   339                           ;	BORV = 25, VBOR set to 2.5V
   340  300002                     	org	3145730
   341  300002  0D                 	db	13
   342                           
   343                           ;Config register CONFIG2H @ 0x300003
   344                           ;	Watchdog Timer Enable bit
   345                           ;	WDT = OFF, WDT disabled (control is placed on the SWDTEN bit)
   346                           ;	Watchdog Timer Postscale Select bits
   347                           ;	WDTPS = 128, 1:128
   348  300003                     	org	3145731
   349  300003  0E                 	db	14
   350                           
   351                           ;Config register CONFIG4L @ 0x300006
   352                           ;	Stack Full/Underflow Reset Enable bit
   353                           ;	STVR = OFF, Stack Full/Underflow will not cause Reset
   354                           ;	Low-Voltage ICSP Enable bit
   355                           ;	LVP = OFF, Low-Voltage ICSP disabled
   356                           ;	Background Debugger Enable bit
   357                           ;	DEBUG = 0x1, unprogrammed default
   358  300006                     	org	3145734
   359  300006  80                 	db	128
   360                           
   361                           ; Padding undefined space
   362  300007                     	org	3145735
   363  300007  FF                 	db	255
   364                           
   365                           ;Config register CONFIG5L @ 0x300008
   366                           ;	Code Protection bit
   367                           ;	CP0 = OFF, Block 0 (000200-001FFFh) not code protected
   368                           ;	Code Protection bit
   369                           ;	CP1 = OFF, Block 1 (002000-003FFFh) not code protected
   370                           ;	Code Protection bit
   371                           ;	CP2 = OFF, Block 2 (004000-005FFFh) not code protected
   372                           ;	Code Protection bit
   373                           ;	CP3 = OFF, Block 3 (006000-007FFFh) not code protected
   374  300008                     	org	3145736
   375  300008  0F                 	db	15
   376                           
   377                           ;Config register CONFIG5H @ 0x300009
   378                           ;	Boot Block Code Protection bit
   379                           ;	CPB = OFF, Boot Block (000000-0001FFh) not code protected
   380                           ;	Data EEPROM Code Protection bit
   381                           ;	CPD = OFF, Data EEPROM not code protected
   382  300009                     	org	3145737
   383  300009  C0                 	db	192
   384                           
   385                           ;Config register CONFIG6L @ 0x30000A
   386                           ;	Write Protection bit
   387                           ;	WRT0 = OFF, Block 0 (000200-001FFFh) not write protected
   388                           ;	Write Protection bit
   389                           ;	WRT1 = OFF, Block 1 (002000-003FFFh) not write protected
   390                           ;	Write Protection bit
   391                           ;	WRT2 = OFF, Block 2 (004000-005FFFh) not write protected
   392                           ;	Write Protection bit
   393                           ;	WRT3 = OFF, Block 3 (006000-007FFFh) not write protected
   394  30000A                     	org	3145738
   395  30000A  0F                 	db	15
   396                           
   397                           ;Config register CONFIG6H @ 0x30000B
   398                           ;	Configuration Register Write Protection bit
   399                           ;	WRTC = OFF, Configuration registers (300000-3000FFh) not write protected
   400                           ;	Boot Block Write Protection bit
   401                           ;	WRTB = OFF, Boot Block (000000-0001FFh) not write protected
   402                           ;	Data EEPROM Write Protection bit
   403                           ;	WRTD = OFF, Data EEPROM not write protected
   404  30000B                     	org	3145739
   405  30000B  E0                 	db	224
   406                           
   407                           ;Config register CONFIG7L @ 0x30000C
   408                           ;	Table Read Protection bit
   409                           ;	EBTR0 = OFF, Block 0 (000200-001FFFh) not protected from Table Reads executed in other
      +                           blocks
   410                           ;	Table Read Protection bit
   411                           ;	EBTR1 = OFF, Block 1 (002000-003FFFh) not protected from Table Reads executed in other
      +                           blocks
   412                           ;	Table Read Protection bit
   413                           ;	EBTR2 = OFF, Block 2 (004000-005FFFh) not protected from Table Reads executed in other
      +                           blocks
   414                           ;	Table Read Protection bit
   415                           ;	EBTR3 = OFF, Block 3 (006000-007FFFh) not protected from Table Reads executed in other
      +                           blocks
   416  30000C                     	org	3145740
   417  30000C  0F                 	db	15
   418                           
   419                           ;Config register CONFIG7H @ 0x30000D
   420                           ;	Boot Block Table Read Protection bit
   421                           ;	EBTRB = OFF, Boot Block (000000-0001FFh) not protected from Table Reads executed in ot
      +                          her blocks
   422  30000D                     	org	3145741
   423  30000D  40                 	db	64
   424                           tosu	equ	0xFFF
   425                           tosh	equ	0xFFE
   426                           tosl	equ	0xFFD
   427                           stkptr	equ	0xFFC
   428                           pclatu	equ	0xFFB
   429                           pclath	equ	0xFFA
   430                           pcl	equ	0xFF9
   431                           tblptru	equ	0xFF8
   432                           tblptrh	equ	0xFF7
   433                           tblptrl	equ	0xFF6
   434                           tablat	equ	0xFF5
   435                           prodh	equ	0xFF4
   436                           prodl	equ	0xFF3
   437                           indf0	equ	0xFEF
   438                           postinc0	equ	0xFEE
   439                           postdec0	equ	0xFED
   440                           preinc0	equ	0xFEC
   441                           plusw0	equ	0xFEB
   442                           fsr0h	equ	0xFEA
   443                           fsr0l	equ	0xFE9
   444                           wreg	equ	0xFE8
   445                           indf1	equ	0xFE7
   446                           postinc1	equ	0xFE6
   447                           postdec1	equ	0xFE5
   448                           preinc1	equ	0xFE4
   449                           plusw1	equ	0xFE3
   450                           fsr1h	equ	0xFE2
   451                           fsr1l	equ	0xFE1
   452                           bsr	equ	0xFE0
   453                           indf2	equ	0xFDF
   454                           postinc2	equ	0xFDE
   455                           postdec2	equ	0xFDD
   456                           preinc2	equ	0xFDC
   457                           plusw2	equ	0xFDB
   458                           fsr2h	equ	0xFDA
   459                           fsr2l	equ	0xFD9
   460                           status	equ	0xFD8

Data Sizes:
    Strings     0
    Constant    0
    Data        0
    BSS         1
    Persistent  0
    Stack       0

Auto Spaces:
    Space          Size  Autos    Used
    COMRAM           94      0       1
    BANK0           160      0       0
    BANK1           256      0       0
    BANK2           256      0       0
    BANK3           256      0       0
    BANK4           256      0       0
    BANK5           256      0       0

Pointer List with Targets:

    None.

Critical Paths under _main in COMRAM

    None.

Critical Paths under _timer_0 in COMRAM

    None.

Critical Paths under _main in BANK0

    None.

Critical Paths under _timer_0 in BANK0

    None.

Critical Paths under _main in BANK1

    None.

Critical Paths under _timer_0 in BANK1

    None.

Critical Paths under _main in BANK2

    None.

Critical Paths under _timer_0 in BANK2

    None.

Critical Paths under _main in BANK3

    None.

Critical Paths under _timer_0 in BANK3

    None.

Critical Paths under _main in BANK4

    None.

Critical Paths under _timer_0 in BANK4

    None.

Critical Paths under _main in BANK5

    None.

Critical Paths under _timer_0 in BANK5

    None.

Call Graph Tables:

 ---------------------------------------------------------------------------------
 (Depth) Function   	        Calls       Base Space   Used Autos Params    Refs
 ---------------------------------------------------------------------------------
 (0) _main                                                 0     0      0       0
 ---------------------------------------------------------------------------------
 Estimated maximum stack depth 0
 ---------------------------------------------------------------------------------
 (Depth) Function   	        Calls       Base Space   Used Autos Params    Refs
 ---------------------------------------------------------------------------------
 (1) _timer_0                                              0     0      0       0
 ---------------------------------------------------------------------------------
 Estimated maximum stack depth 1
 ---------------------------------------------------------------------------------

 Call Graph Graphs:

 _main (ROOT)

 _timer_0 (ROOT)

 Address spaces:
Name               Size   Autos  Total    Cost      Usage
BIGRAM             5FF      0       0      22        0.0%
EEDATA             100      0       0       0        0.0%
BITBANK5           100      0       0      14        0.0%
BANK5              100      0       0      15        0.0%
BITBANK4           100      0       0      12        0.0%
BANK4              100      0       0      13        0.0%
BITBANK3           100      0       0      10        0.0%
BANK3              100      0       0      11        0.0%
BITBANK2           100      0       0       8        0.0%
BANK2              100      0       0       9        0.0%
BITBANK1           100      0       0       6        0.0%
BANK1              100      0       0       7        0.0%
BITBANK0            A0      0       0       4        0.0%
BANK0               A0      0       0       5        0.0%
BITBIGSFRllll       83      0       0      20        0.0%
BITCOMRAM           5E      0       0       0        0.0%
COMRAM              5E      0       1       1        1.1%
BITBIGSFRllh        3F      0       0      18        0.0%
BITBIGSFRlh         1A      0       0      17        0.0%
BITBIGSFRlllh       11      0       0      19        0.0%
BITBIGSFRh           D      0       0      16        0.0%
BIGSFR               0      0       0     200        0.0%
BITSFR_1             0      0       0     200        0.0%
SFR_1                0      0       0     200        0.0%
BITSFR               0      0       0     200        0.0%
SFR                  0      0       0     200        0.0%
STACK                0      0       0       2        0.0%
NULL                 0      0       0       0        0.0%
ABS                  0      0       1      21        0.0%
DATA                 0      0       1       3        0.0%
CODE                 0      0       0       0        0.0%


Microchip Technology PIC18 Macro Assembler V2.36 build 20220127204148 
Symbol Table                                                                                   Tue Feb 14 15:50:52 2023

                                                  _i 0001                                                   l19 0044  
                                                 u10 0058                                                   u11 0052  
                                                 u20 0072                                                   u21 006C  
                                                 u30 008C                                                   u31 0086  
                                                l781 0042                                                  l791 008E  
                                                l783 005A                                                  l785 005C  
                                                l787 0074                                                  l779 0030  
                                                l789 0076                                                 i2l31 0022  
                                               _TMR0 000FD6                                                 _main 0030  
                                               btemp 0002                                                 start 002C  
                                       ___param_bank 000000                                                ?_main 0000  
                                              _T0CON 000FD5                                                i2l793 000C  
                                              i2l795 001E                                                i2l797 0020  
                                    __end_of_timer_0 002A                                                ttemp5 0003  
                                              ttemp6 0006                                                ttemp7 000A  
                                              status 000FD8                                                wtemp8 0003  
                                    __initialization 009A                                         __end_of_main 009A  
                                             ??_main 0000                                        __activetblptr 000000  
                                             _INTCON 000FF2                                               _TMR0IF 007F92  
                                             i2u4_40 001C                                               i2u4_41 0016  
                                             isa$std 000001                                            ??_timer_0 0000  
                                         __accesstop 0060                              __end_of__initialization 009C  
                                      ___rparam_used 000001                                       __pcstackCOMRAM 0000  
                                            __Hparam 0000                                              __Lparam 0000  
                                            __pcinit 009A                                              __ramtop 0600  
                                            __ptext0 0030                                              _timer_0 0008  
                               end_of_initialization 009C                                            _PORTDbits 000F83  
                                          _TRISDbits 000F95                                  start_initialization 009A  
                                        __pbssCOMRAM 0001                                            __pintcode 0008  
                                           ?_timer_0 0000                                             __Hrparam 0000  
                                           __Lrparam 0000                                             isa$xinst 000000  
                                           int$flags 0002                                             intlevel2 00A6  
