

Microchip MPLAB XC8 Assembler V2.40 build 20220703182018 
                                                                                               Sat Feb 04 17:30:22 2023

Microchip MPLAB XC8 C Compiler v2.40 (Free license) build 20220703182018 Og1 
     1                           	processor	18F458
     2                           	fnconf	rparam,??,?,0
     3                           	pagewidth 120
     4                           	opt	flic
     5                           	psect	cinit,global,reloc=2,class=CODE,delta=1
     6                           	psect	cstackCOMRAM,global,class=COMRAM,space=1,delta=1,lowdata,noexec
     7                           	psect	text0,global,reloc=2,class=CODE,delta=1
     8                           	psect	intsave_regs,global,class=BIGRAM,space=1,delta=1,noexec
     9                           	psect	rparam,global,class=COMRAM,space=1,delta=1,noexec
    10                           	psect	idloc,global,abs,ovrld,class=IDLOC,space=5,delta=1,noexec
    11                           	psect	config,global,abs,ovrld,class=CONFIG,space=4,delta=1,noexec
    12   000000                     
    13                           ; Version 2.40
    14                           ; Generated 17/11/2021 GMT
    15                           ; 
    16                           ; Copyright © 2021, Microchip Technology Inc. and its subsidiaries ("Microchip")
    17                           ; All rights reserved.
    18                           ; 
    19                           ; This software is developed by Microchip Technology Inc. and its subsidiaries ("Microch
      +                          ip").
    20                           ; 
    21                           ; Redistribution and use in source and binary forms, with or without modification, are
    22                           ; permitted provided that the following conditions are met:
    23                           ; 
    24                           ;     1. Redistributions of source code must retain the above copyright notice, this lis
      +                          t of
    25                           ;        conditions and the following disclaimer.
    26                           ; 
    27                           ;     2. Redistributions in binary form must reproduce the above copyright notice, this 
      +                          list
    28                           ;        of conditions and the following disclaimer in the documentation and/or other
    29                           ;        materials provided with the distribution. Publication is not required when
    30                           ;        this file is used in an embedded application.
    31                           ; 
    32                           ;     3. Microchip's name may not be used to endorse or promote products derived from th
      +                          is
    33                           ;        software without specific prior written permission.
    34                           ; 
    35                           ; THIS SOFTWARE IS PROVIDED BY MICROCHIP "AS IS" AND ANY EXPRESS OR IMPLIED WARRANTIES,
    36                           ; INCLUDING, BUT NOT LIMITED TO, THE IMPLIED WARRANTIES OF MERCHANTABILITY AND FITNESS F
      +                          OR
    37                           ; PURPOSE ARE DISCLAIMED.  IN NO EVENT SHALL MICROCHIP BE LIABLE FOR ANY DIRECT, INDIREC
      +                          T,
    38                           ; INCIDENTAL, SPECIAL, EXEMPLARY, OR CONSEQUENTIAL DAMAGES (INCLUDING BUT NOT LIMITED TO
    39                           ; PROCUREMENT OF SUBSTITUTE GOODS OR SERVICES; LOSS OF USE, DATA OR PROFITS; OR BUSINESS
    40                           ; INTERRUPTION) HOWSOEVER CAUSED AND ON ANY THEORY OF LIABILITY, WHETHER IN CONTRACT, ST
      +                          RICT
    41                           ; LIABILITY, OR TORT (INCLUDING NEGLIGENCE OR OTHERWISE) ARISING IN ANY WAY OUT OF THE U
      +                          SE OF
    42                           ; THIS SOFTWARE, EVEN IF ADVISED OF THE POSSIBILITY OF SUCH DAMAGE.
    43                           ; 
    44                           ; 
    45                           ; Code-generator required, PIC18F458 Definitions
    46                           ; 
    47                           ; SFR Addresses
    48   000000                     _PORTCbits	set	3970
    49   000000                     _TRISCbits	set	3988
    50   000000                     _TRISEbits	set	3990
    51   000000                     _TRISDbits	set	3989
    52   000000                     _PORTEbits	set	3972
    53   000000                     _PORTDbits	set	3971
    54                           
    55                           ; #config settings
    56                           
    57                           	psect	cinit
    58   003FBC                     __pcinit:
    59                           	callstack 0
    60   003FBC                     start_initialization:
    61                           	callstack 0
    62   003FBC                     __initialization:
    63                           	callstack 0
    64   003FBC                     end_of_initialization:
    65                           	callstack 0
    66   003FBC                     __end_of__initialization:
    67                           	callstack 0
    68   003FBC  0100               	movlb	0
    69   003FBE  EFE1  F01F         	goto	_main	;jump to C main() function
    70                           
    71                           	psect	cstackCOMRAM
    72   000000                     __pcstackCOMRAM:
    73                           	callstack 0
    74   000000                     
    75                           ; 1 bytes @ 0x0
    76 ;;
    77 ;;Main: autosize = 0, tempsize = 0, incstack = 0, save=0
    78 ;;
    79 ;; *************** function _main *****************
    80 ;; Defined at:
    81 ;;		line 13 in file "Led button.c"
    82 ;; Parameters:    Size  Location     Type
    83 ;;		None
    84 ;; Auto vars:     Size  Location     Type
    85 ;;		None
    86 ;; Return value:  Size  Location     Type
    87 ;;                  1    wreg      void 
    88 ;; Registers used:
    89 ;;		None
    90 ;; Tracked objects:
    91 ;;		On entry : 0/0
    92 ;;		On exit  : 0/0
    93 ;;		Unchanged: 0/0
    94 ;; Data sizes:     COMRAM   BANK0   BANK1   BANK2   BANK3   BANK4   BANK5
    95 ;;      Params:         0       0       0       0       0       0       0
    96 ;;      Locals:         0       0       0       0       0       0       0
    97 ;;      Temps:          0       0       0       0       0       0       0
    98 ;;      Totals:         0       0       0       0       0       0       0
    99 ;;Total ram usage:        0 bytes
   100 ;; This function calls:
   101 ;;		Nothing
   102 ;; This function is called by:
   103 ;;		Startup code after reset
   104 ;; This function uses a non-reentrant model
   105 ;;
   106                           
   107                           	psect	text0
   108   003FC2                     __ptext0:
   109                           	callstack 0
   110   003FC2                     _main:
   111                           	callstack 31
   112   003FC2  FFFF               	dw	65535	; assembler added errata NOP
   113                           
   114                           ;Led button.c: 14:     TRISCbits.RC1 = 1;
   115   003FC4  8294               	bsf	148,1,c	;volatile
   116                           
   117                           ;Led button.c: 15:     TRISDbits.RD0 = 0;
   118   003FC6  9095               	bcf	149,0,c	;volatile
   119                           
   120                           ;Led button.c: 16:     TRISEbits.RE2 = 0;
   121   003FC8  9496               	bcf	150,2,c	;volatile
   122                           
   123                           ;Led button.c: 18:     if(PORTCbits.RC1 == 0)
   124   003FCA  B282               	btfsc	130,1,c	;volatile
   125   003FCC  EFEA  F01F         	goto	u11
   126   003FD0  EFED  F01F         	goto	u10
   127   003FD4                     u11:
   128   003FD4  FFFF               	dw	65535	; assembler added errata NOP
   129   003FD6  EFF0  F01F         	goto	l17
   130   003FDA                     u10:
   131   003FDA  FFFF               	dw	65535	; assembler added errata NOP
   132   003FDC                     
   133                           ;Led button.c: 19:     {;Led button.c: 21:        PORTDbits.RD0 = 1;
   134   003FDC  8083               	bsf	131,0,c	;volatile
   135                           
   136                           ;Led button.c: 22:        PORTEbits.RE2 = 0;
   137   003FDE  9484               	bcf	132,2,c	;volatile
   138   003FE0                     l17:
   139   003FE0  FFFF               	dw	65535	; assembler added errata NOP
   140                           
   141                           ;Led button.c: 25:     if(PORTCbits.RC1 == 1)
   142   003FE2  A282               	btfss	130,1,c	;volatile
   143   003FE4  EFF6  F01F         	goto	u21
   144   003FE8  EFF9  F01F         	goto	u20
   145   003FEC                     u21:
   146   003FEC  FFFF               	dw	65535	; assembler added errata NOP
   147   003FEE  EFFC  F01F         	goto	l19
   148   003FF2                     u20:
   149   003FF2  FFFF               	dw	65535	; assembler added errata NOP
   150   003FF4                     
   151                           ;Led button.c: 26:     {;Led button.c: 27:         PORTDbits.RD0 = 0;
   152   003FF4  9083               	bcf	131,0,c	;volatile
   153                           
   154                           ;Led button.c: 28:         PORTEbits.RE2 = 1;
   155   003FF6  8484               	bsf	132,2,c	;volatile
   156   003FF8                     l19:
   157   003FF8  FFFF               	dw	65535	; assembler added errata NOP
   158   003FFA  EF01  F000         	goto	start
   159   003FFE                     __end_of_main:
   160                           	callstack 0
   161   003FFE  FFFF               	dw	65535	; assembler added errata NOP
   162                           
   163                           	psect	rparam
   164   000000                     
   165                           	psect	idloc
   166                           
   167                           ;Config register IDLOC0 @ 0x200000
   168                           ;	unspecified, using default values
   169   200000                     	org	2097152
   170   200000  FF                 	db	255
   171                           
   172                           ;Config register IDLOC1 @ 0x200001
   173                           ;	unspecified, using default values
   174   200001                     	org	2097153
   175   200001  FF                 	db	255
   176                           
   177                           ;Config register IDLOC2 @ 0x200002
   178                           ;	unspecified, using default values
   179   200002                     	org	2097154
   180   200002  FF                 	db	255
   181                           
   182                           ;Config register IDLOC3 @ 0x200003
   183                           ;	unspecified, using default values
   184   200003                     	org	2097155
   185   200003  FF                 	db	255
   186                           
   187                           ;Config register IDLOC4 @ 0x200004
   188                           ;	unspecified, using default values
   189   200004                     	org	2097156
   190   200004  FF                 	db	255
   191                           
   192                           ;Config register IDLOC5 @ 0x200005
   193                           ;	unspecified, using default values
   194   200005                     	org	2097157
   195   200005  FF                 	db	255
   196                           
   197                           ;Config register IDLOC6 @ 0x200006
   198                           ;	unspecified, using default values
   199   200006                     	org	2097158
   200   200006  FF                 	db	255
   201                           
   202                           ;Config register IDLOC7 @ 0x200007
   203                           ;	unspecified, using default values
   204   200007                     	org	2097159
   205   200007  FF                 	db	255
   206                           
   207                           	psect	config
   208                           
   209                           ; Padding undefined space
   210   300000                     	org	3145728
   211   300000  FF                 	db	255
   212                           
   213                           ;Config register CONFIG1H @ 0x300001
   214                           ;	Oscillator Selection bits
   215                           ;	OSC = HS, HS oscillator
   216                           ;	Oscillator System Clock Switch Enable bit
   217                           ;	OSCS = OFF, Oscillator system clock switch option is disabled (main oscillator is sour
      +                          ce)
   218   300001                     	org	3145729
   219   300001  22                 	db	34
   220                           
   221                           ;Config register CONFIG2L @ 0x300002
   222                           ;	Power-up Timer Enable bit
   223                           ;	PWRT = OFF, PWRT disabled
   224                           ;	Brown-out Reset Enable bit
   225                           ;	BOR = OFF, Brown-out Reset disabled
   226                           ;	Brown-out Reset Voltage bits
   227                           ;	BORV = 25, VBOR set to 2.5V
   228   300002                     	org	3145730
   229   300002  0D                 	db	13
   230                           
   231                           ;Config register CONFIG2H @ 0x300003
   232                           ;	Watchdog Timer Enable bit
   233                           ;	WDT = OFF, WDT disabled (control is placed on the SWDTEN bit)
   234                           ;	Watchdog Timer Postscale Select bits
   235                           ;	WDTPS = 128, 1:128
   236   300003                     	org	3145731
   237   300003  0E                 	db	14
   238                           
   239                           ;Config register CONFIG4L @ 0x300006
   240                           ;	Stack Full/Underflow Reset Enable bit
   241                           ;	STVR = OFF, Stack Full/Underflow will not cause Reset
   242                           ;	Low-Voltage ICSP Enable bit
   243                           ;	LVP = OFF, Low-Voltage ICSP disabled
   244                           ;	Background Debugger Enable bit
   245                           ;	DEBUG = 0x1, unprogrammed default
   246   300006                     	org	3145734
   247   300006  80                 	db	128
   248                           
   249                           ; Padding undefined space
   250   300007                     	org	3145735
   251   300007  FF                 	db	255
   252                           
   253                           ;Config register CONFIG5L @ 0x300008
   254                           ;	Code Protection bit
   255                           ;	CP0 = OFF, Block 0 (000200-001FFFh) not code protected
   256                           ;	Code Protection bit
   257                           ;	CP1 = OFF, Block 1 (002000-003FFFh) not code protected
   258                           ;	Code Protection bit
   259                           ;	CP2 = OFF, Block 2 (004000-005FFFh) not code protected
   260                           ;	Code Protection bit
   261                           ;	CP3 = OFF, Block 3 (006000-007FFFh) not code protected
   262   300008                     	org	3145736
   263   300008  0F                 	db	15
   264                           
   265                           ;Config register CONFIG5H @ 0x300009
   266                           ;	Boot Block Code Protection bit
   267                           ;	CPB = OFF, Boot Block (000000-0001FFh) not code protected
   268                           ;	Data EEPROM Code Protection bit
   269                           ;	CPD = OFF, Data EEPROM not code protected
   270   300009                     	org	3145737
   271   300009  C0                 	db	192
   272                           
   273                           ;Config register CONFIG6L @ 0x30000A
   274                           ;	Write Protection bit
   275                           ;	WRT0 = OFF, Block 0 (000200-001FFFh) not write protected
   276                           ;	Write Protection bit
   277                           ;	WRT1 = OFF, Block 1 (002000-003FFFh) not write protected
   278                           ;	Write Protection bit
   279                           ;	WRT2 = OFF, Block 2 (004000-005FFFh) not write protected
   280                           ;	Write Protection bit
   281                           ;	WRT3 = OFF, Block 3 (006000-007FFFh) not write protected
   282   30000A                     	org	3145738
   283   30000A  0F                 	db	15
   284                           
   285                           ;Config register CONFIG6H @ 0x30000B
   286                           ;	Configuration Register Write Protection bit
   287                           ;	WRTC = OFF, Configuration registers (300000-3000FFh) not write protected
   288                           ;	Boot Block Write Protection bit
   289                           ;	WRTB = OFF, Boot Block (000000-0001FFh) not write protected
   290                           ;	Data EEPROM Write Protection bit
   291                           ;	WRTD = OFF, Data EEPROM not write protected
   292   30000B                     	org	3145739
   293   30000B  E0                 	db	224
   294                           
   295                           ;Config register CONFIG7L @ 0x30000C
   296                           ;	Table Read Protection bit
   297                           ;	EBTR0 = OFF, Block 0 (000200-001FFFh) not protected from Table Reads executed in other
      +                           blocks
   298                           ;	Table Read Protection bit
   299                           ;	EBTR1 = OFF, Block 1 (002000-003FFFh) not protected from Table Reads executed in other
      +                           blocks
   300                           ;	Table Read Protection bit
   301                           ;	EBTR2 = OFF, Block 2 (004000-005FFFh) not protected from Table Reads executed in other
      +                           blocks
   302                           ;	Table Read Protection bit
   303                           ;	EBTR3 = OFF, Block 3 (006000-007FFFh) not protected from Table Reads executed in other
      +                           blocks
   304   30000C                     	org	3145740
   305   30000C  0F                 	db	15
   306                           
   307                           ;Config register CONFIG7H @ 0x30000D
   308                           ;	Boot Block Table Read Protection bit
   309                           ;	EBTRB = OFF, Boot Block (000000-0001FFh) not protected from Table Reads executed in ot
      +                          her blocks
   310   30000D                     	org	3145741
   311   30000D  40                 	db	64
   312                           tosu	equ	0xFFF
   313                           tosh	equ	0xFFE
   314                           tosl	equ	0xFFD
   315                           stkptr	equ	0xFFC
   316                           pclatu	equ	0xFFB
   317                           pclath	equ	0xFFA
   318                           pcl	equ	0xFF9
   319                           tblptru	equ	0xFF8
   320                           tblptrh	equ	0xFF7
   321                           tblptrl	equ	0xFF6
   322                           tablat	equ	0xFF5
   323                           prodh	equ	0xFF4
   324                           prodl	equ	0xFF3
   325                           indf0	equ	0xFEF
   326                           postinc0	equ	0xFEE
   327                           postdec0	equ	0xFED
   328                           preinc0	equ	0xFEC
   329                           plusw0	equ	0xFEB
   330                           fsr0h	equ	0xFEA
   331                           fsr0l	equ	0xFE9
   332                           wreg	equ	0xFE8
   333                           indf1	equ	0xFE7
   334                           postinc1	equ	0xFE6
   335                           postdec1	equ	0xFE5
   336                           preinc1	equ	0xFE4
   337                           plusw1	equ	0xFE3
   338                           fsr1h	equ	0xFE2
   339                           fsr1l	equ	0xFE1
   340                           bsr	equ	0xFE0
   341                           indf2	equ	0xFDF
   342                           postinc2	equ	0xFDE
   343                           postdec2	equ	0xFDD
   344                           preinc2	equ	0xFDC
   345                           plusw2	equ	0xFDB
   346                           fsr2h	equ	0xFDA
   347                           fsr2l	equ	0xFD9
   348                           status	equ	0xFD8

Data Sizes:
    Strings     0
    Constant    0
    Data        0
    BSS         0
    Persistent  0
    Stack       0

Auto Spaces:
    Space          Size  Autos    Used
    COMRAM           95      0       0
    BANK0           160      0       0
    BANK1           256      0       0
    BANK2           256      0       0
    BANK3           256      0       0
    BANK4           256      0       0
    BANK5           256      0       0

Pointer List with Targets:

    None.

Critical Paths under _main in COMRAM

    None.

Critical Paths under _main in BANK0

    None.

Critical Paths under _main in BANK1

    None.

Critical Paths under _main in BANK2

    None.

Critical Paths under _main in BANK3

    None.

Critical Paths under _main in BANK4

    None.

Critical Paths under _main in BANK5

    None.

Call Graph Tables:

 ---------------------------------------------------------------------------------
 (Depth) Function   	        Calls       Base Space   Used Autos Params    Refs
 ---------------------------------------------------------------------------------
 (0) _main                                                 0     0      0       0
 ---------------------------------------------------------------------------------
 Estimated maximum stack depth 0
 ---------------------------------------------------------------------------------

 Call Graph Graphs:

 _main (ROOT)

 Address spaces:
Name               Size   Autos  Total    Cost      Usage
BITCOMRAM           5F      0       0       0        0.0%
EEDATA             100      0       0       0        0.0%
NULL                 0      0       0       0        0.0%
CODE                 0      0       0       0        0.0%
COMRAM              5F      0       0       1        0.0%
STACK                0      0       0       2        0.0%
DATA                 0      0       0       3        0.0%
BITBANK0            A0      0       0       4        0.0%
BANK0               A0      0       0       5        0.0%
BITBANK1           100      0       0       6        0.0%
BANK1              100      0       0       7        0.0%
BITBANK2           100      0       0       8        0.0%
BANK2              100      0       0       9        0.0%
BITBANK3           100      0       0      10        0.0%
BANK3              100      0       0      11        0.0%
BITBANK4           100      0       0      12        0.0%
BANK4              100      0       0      13        0.0%
BITBANK5           100      0       0      14        0.0%
BANK5              100      0       0      15        0.0%
BITBIGSFRh          69      0       0      16        0.0%
BITBIGSFRlh          F      0       0      17        0.0%
BITBIGSFRll         82      0       0      18        0.0%
ABS                  0      0       0      19        0.0%
BIGRAM             5FF      0       0      20        0.0%
BIGSFR               0      0       0     200        0.0%
BITSFR_1             0      0       0     200        0.0%
SFR_1                0      0       0     200        0.0%
BITSFR               0      0       0     200        0.0%
SFR                  0      0       0     200        0.0%


Microchip Technology PIC18 Macro Assembler V2.40 build 20220703182018 
Symbol Table                                                                                   Sat Feb 04 17:30:22 2023

                                                                  l17 3FE0  
                                                                  l19 3FF8  
                                                                  u10 3FDA  
                                                                  u11 3FD4  
                                                                  u20 3FF2  
                                                                  u21 3FEC  
                                                                 l695 3FC2  
                                                                 l697 3FDC  
                                                                 l699 3FF4  
                                                                _main 3FC2  
                                                                start 0002  
                                                        ___param_bank 000000  
                                                               ?_main 0000  
                                                     __initialization 3FBC  
                                                        __end_of_main 3FFE  
                                                              ??_main 0000  
                                                       __activetblptr 000000  
                                                              isa$std 000001  
                                                          __accesstop 0060  
                                             __end_of__initialization 3FBC  
                                                       ___rparam_used 000001  
                                                      __pcstackCOMRAM 0000  
                                                             __Hparam 0000  
                                                             __Lparam 0000  
                                                             __pcinit 3FBC  
                                                             __ramtop 0600  
                                                             __ptext0 3FC2  
                                                end_of_initialization 3FBC  
                                                           _PORTCbits 000F82  
                                                           _PORTDbits 000F83  
                                                           _PORTEbits 000F84  
                                                           _TRISCbits 000F94  
                                                           _TRISDbits 000F95  
                                                           _TRISEbits 000F96  
                                                 start_initialization 3FBC  
                                                            __Hrparam 0000  
                                                            __Lrparam 0000  
                                                            isa$xinst 000000  
