

Microchip MPLAB XC8 Assembler V2.36 build 20220127204148 
                                                                                               Sat Feb 11 15:57:22 2023

Microchip MPLAB XC8 C Compiler v2.36 (Free license) build 20220127204148 Og1 
     1                           	processor	18F458
     2                           	fnconf	rparam,??,?,0
     3                           	pagewidth 120
     4                           	opt	flic
     5                           	psect	cinit,global,reloc=2,class=CODE,delta=1
     6                           	psect	bssCOMRAM,global,class=COMRAM,space=1,delta=1,lowdata,noexec
     7                           	psect	cstackCOMRAM,global,class=COMRAM,space=1,delta=1,lowdata,noexec
     8                           	psect	text0,global,reloc=2,class=CODE,delta=1
     9                           	psect	text1,global,reloc=2,class=CODE,delta=1
    10                           	psect	intcode,global,reloc=2,class=CODE,delta=1
    11                           	psect	intsave_regs,global,class=BIGRAM,space=1,delta=1,noexec
    12                           	psect	rparam,global,class=COMRAM,space=1,delta=1,noexec
    13                           	psect	temp,global,ovrld,common,class=COMRAM,space=1,delta=1
    14                           	psect	idloc,global,abs,ovrld,class=IDLOC,space=5,delta=1,noexec
    15                           	psect	config,global,abs,ovrld,class=CONFIG,space=4,delta=1,noexec
    16  0000                     
    17                           ; Version 2.40
    18                           ; Generated 17/11/2021 GMT
    19                           ; 
    20                           ; Copyright © 2021, Microchip Technology Inc. and its subsidiaries ("Microchip")
    21                           ; All rights reserved.
    22                           ; 
    23                           ; This software is developed by Microchip Technology Inc. and its subsidiaries ("Microch
      +                          ip").
    24                           ; 
    25                           ; Redistribution and use in source and binary forms, with or without modification, are
    26                           ; permitted provided that the following conditions are met:
    27                           ; 
    28                           ;     1. Redistributions of source code must retain the above copyright notice, this lis
      +                          t of
    29                           ;        conditions and the following disclaimer.
    30                           ; 
    31                           ;     2. Redistributions in binary form must reproduce the above copyright notice, this 
      +                          list
    32                           ;        of conditions and the following disclaimer in the documentation and/or other
    33                           ;        materials provided with the distribution. Publication is not required when
    34                           ;        this file is used in an embedded application.
    35                           ; 
    36                           ;     3. Microchip's name may not be used to endorse or promote products derived from th
      +                          is
    37                           ;        software without specific prior written permission.
    38                           ; 
    39                           ; THIS SOFTWARE IS PROVIDED BY MICROCHIP "AS IS" AND ANY EXPRESS OR IMPLIED WARRANTIES,
    40                           ; INCLUDING, BUT NOT LIMITED TO, THE IMPLIED WARRANTIES OF MERCHANTABILITY AND FITNESS F
      +                          OR
    41                           ; PURPOSE ARE DISCLAIMED.  IN NO EVENT SHALL MICROCHIP BE LIABLE FOR ANY DIRECT, INDIREC
      +                          T,
    42                           ; INCIDENTAL, SPECIAL, EXEMPLARY, OR CONSEQUENTIAL DAMAGES (INCLUDING BUT NOT LIMITED TO
    43                           ; PROCUREMENT OF SUBSTITUTE GOODS OR SERVICES; LOSS OF USE, DATA OR PROFITS; OR BUSINESS
    44                           ; INTERRUPTION) HOWSOEVER CAUSED AND ON ANY THEORY OF LIABILITY, WHETHER IN CONTRACT, ST
      +                          RICT
    45                           ; LIABILITY, OR TORT (INCLUDING NEGLIGENCE OR OTHERWISE) ARISING IN ANY WAY OUT OF THE U
      +                          SE OF
    46                           ; THIS SOFTWARE, EVEN IF ADVISED OF THE POSSIBILITY OF SUCH DAMAGE.
    47                           ; 
    48                           ; 
    49                           ; Code-generator required, PIC18F458 Definitions
    50                           ; 
    51                           ; SFR Addresses
    52  0000                     _SSPADD	set	4040
    53  0000                     _SSPBUF	set	4041
    54  0000                     _SSPCON1	set	4038
    55  0000                     _SSPSTAT	set	4039
    56  0000                     _PEIE	set	32662
    57  0000                     _TRISC4	set	31908
    58  0000                     _BF	set	32312
    59  0000                     _PORTD	set	3971
    60  0000                     _TRISD	set	3989
    61  0000                     _SSPIE	set	31979
    62  0000                     _SSPIF	set	31987
    63  0000                     _TRISC3	set	31907
    64  0000                     _SSPCON2	set	4037
    65  0000                     _CKP	set	32308
    66  0000                     _R_nW	set	32314
    67  0000                     _GIE	set	32663
    68                           
    69                           ; #config settings
    70                           
    71                           	psect	cinit
    72  0000A2                     __pcinit:
    73                           	callstack 0
    74  0000A2                     start_initialization:
    75                           	callstack 0
    76  0000A2                     __initialization:
    77                           	callstack 0
    78                           
    79                           ; Clear objects allocated to COMRAM (1 bytes)
    80  0000A2  6A01               	clrf	__pbssCOMRAM& (0+255),c
    81  0000A4                     end_of_initialization:
    82                           	callstack 0
    83  0000A4                     __end_of__initialization:
    84                           	callstack 0
    85  0000A4  9003               	bcf	int$flags,0,c	;clear compiler interrupt flag (level 1)
    86  0000A6  9203               	bcf	int$flags,1,c	;clear compiler interrupt flag (level 2)
    87  0000A8  0100               	movlb	0
    88  0000AA  EF44  F000         	goto	_main	;jump to C main() function
    89                           
    90                           	psect	bssCOMRAM
    91  000001                     __pbssCOMRAM:
    92                           	callstack 0
    93  000001                     _RX_Data:
    94                           	callstack 0
    95  000001                     	ds	1
    96                           
    97                           	psect	cstackCOMRAM
    98  000002                     __pcstackCOMRAM:
    99                           	callstack 0
   100  000002                     I2C_Slave_Init@Address:
   101                           	callstack 0
   102                           
   103                           ; 1 bytes @ 0x0
   104  000002                     	ds	1
   105  000003                     
   106                           ; 1 bytes @ 0x1
   107 ;;
   108 ;;Main: autosize = 0, tempsize = 0, incstack = 0, save=0
   109 ;;
   110 ;; *************** function _main *****************
   111 ;; Defined at:
   112 ;;		line 16 in file "I2c_slave.c"
   113 ;; Parameters:    Size  Location     Type
   114 ;;		None
   115 ;; Auto vars:     Size  Location     Type
   116 ;;		None
   117 ;; Return value:  Size  Location     Type
   118 ;;                  1    wreg      void 
   119 ;; Registers used:
   120 ;;		wreg, status,2, cstack
   121 ;; Tracked objects:
   122 ;;		On entry : 0/0
   123 ;;		On exit  : 0/0
   124 ;;		Unchanged: 0/0
   125 ;; Data sizes:     COMRAM   BANK0   BANK1   BANK2   BANK3   BANK4   BANK5
   126 ;;      Params:         0       0       0       0       0       0       0
   127 ;;      Locals:         0       0       0       0       0       0       0
   128 ;;      Temps:          0       0       0       0       0       0       0
   129 ;;      Totals:         0       0       0       0       0       0       0
   130 ;;Total ram usage:        0 bytes
   131 ;; Hardware stack levels required when called: 2
   132 ;; This function calls:
   133 ;;		_I2C_Slave_Init
   134 ;; This function is called by:
   135 ;;		Startup code after reset
   136 ;; This function uses a non-reentrant model
   137 ;;
   138                           
   139                           	psect	text0
   140  000088                     __ptext0:
   141                           	callstack 0
   142  000088                     _main:
   143                           	callstack 29
   144  000088  FFFF               	dw	65535	; assembler added errata NOP
   145                           
   146                           ;I2c_slave.c: 18:   TRISD = 0x00;
   147  00008A  0E00               	movlw	0
   148  00008C  6E95               	movwf	149,c	;volatile
   149                           
   150                           ;I2c_slave.c: 19:   PORTD = 0x00;
   151  00008E  0E00               	movlw	0
   152  000090  6E83               	movwf	131,c	;volatile
   153  000092                     
   154                           ;I2c_slave.c: 20:   I2C_Slave_Init(0x40);
   155  000092  0E40               	movlw	64
   156  000094  EC32  F000         	call	_I2C_Slave_Init
   157  000098                     l41:
   158  000098  FFFF               	dw	65535	; assembler added errata NOP
   159  00009A  EF4C  F000         	goto	l41
   160  00009E  EF30  F000         	goto	start
   161  0000A2                     __end_of_main:
   162                           	callstack 0
   163                           
   164 ;; *************** function _I2C_Slave_Init *****************
   165 ;; Defined at:
   166 ;;		line 46 in file "I2c_slave.c"
   167 ;; Parameters:    Size  Location     Type
   168 ;;  Address         1    wreg     unsigned char 
   169 ;; Auto vars:     Size  Location     Type
   170 ;;  Address         1    0[COMRAM] unsigned char 
   171 ;; Return value:  Size  Location     Type
   172 ;;                  1    wreg      void 
   173 ;; Registers used:
   174 ;;		wreg, status,2
   175 ;; Tracked objects:
   176 ;;		On entry : 0/0
   177 ;;		On exit  : 0/0
   178 ;;		Unchanged: 0/0
   179 ;; Data sizes:     COMRAM   BANK0   BANK1   BANK2   BANK3   BANK4   BANK5
   180 ;;      Params:         0       0       0       0       0       0       0
   181 ;;      Locals:         1       0       0       0       0       0       0
   182 ;;      Temps:          0       0       0       0       0       0       0
   183 ;;      Totals:         1       0       0       0       0       0       0
   184 ;;Total ram usage:        1 bytes
   185 ;; Hardware stack levels used: 1
   186 ;; Hardware stack levels required when called: 1
   187 ;; This function calls:
   188 ;;		Nothing
   189 ;; This function is called by:
   190 ;;		_main
   191 ;; This function uses a non-reentrant model
   192 ;;
   193                           
   194                           	psect	text1
   195  000064                     __ptext1:
   196                           	callstack 0
   197  000064                     _I2C_Slave_Init:
   198                           	callstack 0
   199  000064  FFFF               	dw	65535	; assembler added errata NOP
   200                           
   201                           ;incstack = 0
   202                           ;I2C_Slave_Init@Address stored from wreg
   203  000066  6E02               	movwf	I2C_Slave_Init@Address^0,c
   204  000068                     
   205                           ;I2c_slave.c: 46: void I2C_Slave_Init(unsigned char Address);I2c_slave.c: 47: {;I2c_slav
      +                          e.c: 49:   SSPADD = Address;
   206  000068  C002  FFC8         	movff	I2C_Slave_Init@Address,4040	;volatile
   207  00006C                     
   208                           ;I2c_slave.c: 50:   SSPSTAT = 0x80;
   209  00006C  0E80               	movlw	128
   210  00006E  6EC7               	movwf	199,c	;volatile
   211  000070                     
   212                           ;I2c_slave.c: 51:   SSPCON1 = 0x36;
   213  000070  0E36               	movlw	54
   214  000072  6EC6               	movwf	198,c	;volatile
   215  000074                     
   216                           ;I2c_slave.c: 52:   SSPCON2 = 0x01;
   217  000074  0E01               	movlw	1
   218  000076  6EC5               	movwf	197,c	;volatile
   219  000078                     
   220                           ;I2c_slave.c: 53:   TRISC3 = 1;
   221  000078  8694               	bsf	3988,3,c	;volatile
   222  00007A                     
   223                           ;I2c_slave.c: 54:   TRISC4 = 1;
   224  00007A  8894               	bsf	3988,4,c	;volatile
   225  00007C                     
   226                           ;I2c_slave.c: 55:   GIE = 1;
   227  00007C  8EF2               	bsf	4082,7,c	;volatile
   228  00007E                     
   229                           ;I2c_slave.c: 56:   PEIE = 1;
   230  00007E  8CF2               	bsf	4082,6,c	;volatile
   231  000080                     
   232                           ;I2c_slave.c: 57:   SSPIF = 0;
   233  000080  969E               	bcf	3998,3,c	;volatile
   234  000082                     
   235                           ;I2c_slave.c: 58:   SSPIE = 1;
   236  000082  869D               	bsf	3997,3,c	;volatile
   237  000084  0012               	return		;funcret
   238  000086  FFFF               	dw	65535	; errata NOP
   239  000088                     __end_of_I2C_Slave_Init:
   240                           	callstack 0
   241                           
   242 ;; *************** function _ISR *****************
   243 ;; Defined at:
   244 ;;		line 29 in file "I2c_slave.c"
   245 ;; Parameters:    Size  Location     Type
   246 ;;		None
   247 ;; Auto vars:     Size  Location     Type
   248 ;;  Dummy           1    0        unsigned char 
   249 ;; Return value:  Size  Location     Type
   250 ;;                  1    wreg      void 
   251 ;; Registers used:
   252 ;;		wreg
   253 ;; Tracked objects:
   254 ;;		On entry : 0/0
   255 ;;		On exit  : 0/0
   256 ;;		Unchanged: 0/0
   257 ;; Data sizes:     COMRAM   BANK0   BANK1   BANK2   BANK3   BANK4   BANK5
   258 ;;      Params:         0       0       0       0       0       0       0
   259 ;;      Locals:         0       0       0       0       0       0       0
   260 ;;      Temps:          0       0       0       0       0       0       0
   261 ;;      Totals:         0       0       0       0       0       0       0
   262 ;;Total ram usage:        0 bytes
   263 ;; Hardware stack levels used: 1
   264 ;; This function calls:
   265 ;;		Nothing
   266 ;; This function is called by:
   267 ;;		Interrupt level 2
   268 ;; This function uses a non-reentrant model
   269 ;;
   270                           
   271                           	psect	intcode
   272  000008                     __pintcode:
   273                           	callstack 0
   274  000008                     _ISR:
   275                           	callstack 0
   276  000008  FFFF               	dw	65535	; assembler added errata NOP
   277                           
   278                           ;incstack = 0
   279  00000A  8203               	bsf	int$flags,1,c	;set compiler interrupt flag (level 2)
   280  00000C                     
   281                           ;I2c_slave.c: 31:   if(SSPIF)
   282  00000C  A69E               	btfss	3998,3,c	;volatile
   283  00000E  EF0B  F000         	goto	i2u1_41
   284  000012  EF0E  F000         	goto	i2u1_40
   285  000016                     i2u1_41:
   286  000016  FFFF               	dw	65535	; assembler added errata NOP
   287  000018  EF2B  F000         	goto	i2l54
   288  00001C                     i2u1_40:
   289  00001C  FFFF               	dw	65535	; assembler added errata NOP
   290  00001E                     
   291                           ;I2c_slave.c: 32:   {;I2c_slave.c: 33:     if(!R_nW)
   292  00001E  B4C7               	btfsc	4039,2,c	;volatile
   293  000020  EF14  F000         	goto	i2u2_41
   294  000024  EF17  F000         	goto	i2u2_40
   295  000028                     i2u2_41:
   296  000028  FFFF               	dw	65535	; assembler added errata NOP
   297  00002A  EF28  F000         	goto	i2l50
   298  00002E                     i2u2_40:
   299  00002E  FFFF               	dw	65535	; assembler added errata NOP
   300  000030  50C9               	movf	201,w,c	;volatile
   301                           
   302                           ;I2c_slave.c: 36:       CKP = 1;
   303  000032  88C6               	bsf	4038,4,c	;volatile
   304  000034                     i2l51:
   305  000034  FFFF               	dw	65535	; assembler added errata NOP
   306  000036  A0C7               	btfss	4039,0,c	;volatile
   307  000038  EF20  F000         	goto	i2u3_41
   308  00003C  EF23  F000         	goto	i2u3_40
   309  000040                     i2u3_41:
   310  000040  FFFF               	dw	65535	; assembler added errata NOP
   311  000042  EF1A  F000         	goto	i2l51
   312  000046                     i2u3_40:
   313  000046  FFFF               	dw	65535	; assembler added errata NOP
   314  000048                     
   315                           ;I2c_slave.c: 38:       RX_Data = SSPBUF;
   316  000048  CFC9 F001          	movff	4041,_RX_Data	;volatile
   317                           
   318                           ;I2c_slave.c: 39:       PORTD = RX_Data;
   319  00004C  C001  FF83         	movff	_RX_Data,3971	;volatile
   320  000050                     i2l50:
   321  000050  FFFF               	dw	65535	; assembler added errata NOP
   322                           
   323                           ;I2c_slave.c: 41:   CKP = 1;
   324  000052  88C6               	bsf	4038,4,c	;volatile
   325                           
   326                           ;I2c_slave.c: 42:   SSPIF = 0;
   327  000054  969E               	bcf	3998,3,c	;volatile
   328  000056                     i2l54:
   329  000056  FFFF               	dw	65535	; assembler added errata NOP
   330  000058  9203               	bcf	int$flags,1,c	;clear compiler interrupt flag (level 2)
   331  00005A  0011               	retfie		f
   332  00005C  FFFF               	dw	65535	; errata NOP
   333  00005E                     __end_of_ISR:
   334                           	callstack 0
   335  00005E  FFFF               	dw	65535	; assembler added errata NOP
   336                           
   337                           	psect	rparam
   338  0000                     
   339                           	psect	temp
   340  000003                     btemp:
   341                           	callstack 0
   342  000003                     	ds	1
   343  0000                     int$flags	set	btemp
   344  0000                     wtemp8	set	btemp+1
   345  0000                     ttemp5	set	btemp+1
   346  0000                     ttemp6	set	btemp+4
   347  0000                     ttemp7	set	btemp+8
   348                           
   349                           	psect	idloc
   350                           
   351                           ;Config register IDLOC0 @ 0x200000
   352                           ;	unspecified, using default values
   353  200000                     	org	2097152
   354  200000  FF                 	db	255
   355                           
   356                           ;Config register IDLOC1 @ 0x200001
   357                           ;	unspecified, using default values
   358  200001                     	org	2097153
   359  200001  FF                 	db	255
   360                           
   361                           ;Config register IDLOC2 @ 0x200002
   362                           ;	unspecified, using default values
   363  200002                     	org	2097154
   364  200002  FF                 	db	255
   365                           
   366                           ;Config register IDLOC3 @ 0x200003
   367                           ;	unspecified, using default values
   368  200003                     	org	2097155
   369  200003  FF                 	db	255
   370                           
   371                           ;Config register IDLOC4 @ 0x200004
   372                           ;	unspecified, using default values
   373  200004                     	org	2097156
   374  200004  FF                 	db	255
   375                           
   376                           ;Config register IDLOC5 @ 0x200005
   377                           ;	unspecified, using default values
   378  200005                     	org	2097157
   379  200005  FF                 	db	255
   380                           
   381                           ;Config register IDLOC6 @ 0x200006
   382                           ;	unspecified, using default values
   383  200006                     	org	2097158
   384  200006  FF                 	db	255
   385                           
   386                           ;Config register IDLOC7 @ 0x200007
   387                           ;	unspecified, using default values
   388  200007                     	org	2097159
   389  200007  FF                 	db	255
   390                           
   391                           	psect	config
   392                           
   393                           ; Padding undefined space
   394  300000                     	org	3145728
   395  300000  FF                 	db	255
   396                           
   397                           ;Config register CONFIG1H @ 0x300001
   398                           ;	Oscillator Selection bits
   399                           ;	OSC = HS, HS oscillator
   400                           ;	Oscillator System Clock Switch Enable bit
   401                           ;	OSCS = OFF, Oscillator system clock switch option is disabled (main oscillator is sour
      +                          ce)
   402  300001                     	org	3145729
   403  300001  22                 	db	34
   404                           
   405                           ;Config register CONFIG2L @ 0x300002
   406                           ;	Power-up Timer Enable bit
   407                           ;	PWRT = OFF, PWRT disabled
   408                           ;	Brown-out Reset Enable bit
   409                           ;	BOR = OFF, Brown-out Reset disabled
   410                           ;	Brown-out Reset Voltage bits
   411                           ;	BORV = 25, VBOR set to 2.5V
   412  300002                     	org	3145730
   413  300002  0D                 	db	13
   414                           
   415                           ;Config register CONFIG2H @ 0x300003
   416                           ;	Watchdog Timer Enable bit
   417                           ;	WDT = OFF, WDT disabled (control is placed on the SWDTEN bit)
   418                           ;	Watchdog Timer Postscale Select bits
   419                           ;	WDTPS = 128, 1:128
   420  300003                     	org	3145731
   421  300003  0E                 	db	14
   422                           
   423                           ;Config register CONFIG4L @ 0x300006
   424                           ;	Stack Full/Underflow Reset Enable bit
   425                           ;	STVR = OFF, Stack Full/Underflow will not cause Reset
   426                           ;	Low-Voltage ICSP Enable bit
   427                           ;	LVP = OFF, Low-Voltage ICSP disabled
   428                           ;	Background Debugger Enable bit
   429                           ;	DEBUG = 0x1, unprogrammed default
   430  300006                     	org	3145734
   431  300006  80                 	db	128
   432                           
   433                           ; Padding undefined space
   434  300007                     	org	3145735
   435  300007  FF                 	db	255
   436                           
   437                           ;Config register CONFIG5L @ 0x300008
   438                           ;	Code Protection bit
   439                           ;	CP0 = OFF, Block 0 (000200-001FFFh) not code protected
   440                           ;	Code Protection bit
   441                           ;	CP1 = OFF, Block 1 (002000-003FFFh) not code protected
   442                           ;	Code Protection bit
   443                           ;	CP2 = OFF, Block 2 (004000-005FFFh) not code protected
   444                           ;	Code Protection bit
   445                           ;	CP3 = OFF, Block 3 (006000-007FFFh) not code protected
   446  300008                     	org	3145736
   447  300008  0F                 	db	15
   448                           
   449                           ;Config register CONFIG5H @ 0x300009
   450                           ;	Boot Block Code Protection bit
   451                           ;	CPB = OFF, Boot Block (000000-0001FFh) not code protected
   452                           ;	Data EEPROM Code Protection bit
   453                           ;	CPD = OFF, Data EEPROM not code protected
   454  300009                     	org	3145737
   455  300009  C0                 	db	192
   456                           
   457                           ;Config register CONFIG6L @ 0x30000A
   458                           ;	Write Protection bit
   459                           ;	WRT0 = OFF, Block 0 (000200-001FFFh) not write protected
   460                           ;	Write Protection bit
   461                           ;	WRT1 = OFF, Block 1 (002000-003FFFh) not write protected
   462                           ;	Write Protection bit
   463                           ;	WRT2 = OFF, Block 2 (004000-005FFFh) not write protected
   464                           ;	Write Protection bit
   465                           ;	WRT3 = OFF, Block 3 (006000-007FFFh) not write protected
   466  30000A                     	org	3145738
   467  30000A  0F                 	db	15
   468                           
   469                           ;Config register CONFIG6H @ 0x30000B
   470                           ;	Configuration Register Write Protection bit
   471                           ;	WRTC = OFF, Configuration registers (300000-3000FFh) not write protected
   472                           ;	Boot Block Write Protection bit
   473                           ;	WRTB = OFF, Boot Block (000000-0001FFh) not write protected
   474                           ;	Data EEPROM Write Protection bit
   475                           ;	WRTD = OFF, Data EEPROM not write protected
   476  30000B                     	org	3145739
   477  30000B  E0                 	db	224
   478                           
   479                           ;Config register CONFIG7L @ 0x30000C
   480                           ;	Table Read Protection bit
   481                           ;	EBTR0 = OFF, Block 0 (000200-001FFFh) not protected from Table Reads executed in other
      +                           blocks
   482                           ;	Table Read Protection bit
   483                           ;	EBTR1 = OFF, Block 1 (002000-003FFFh) not protected from Table Reads executed in other
      +                           blocks
   484                           ;	Table Read Protection bit
   485                           ;	EBTR2 = OFF, Block 2 (004000-005FFFh) not protected from Table Reads executed in other
      +                           blocks
   486                           ;	Table Read Protection bit
   487                           ;	EBTR3 = OFF, Block 3 (006000-007FFFh) not protected from Table Reads executed in other
      +                           blocks
   488  30000C                     	org	3145740
   489  30000C  0F                 	db	15
   490                           
   491                           ;Config register CONFIG7H @ 0x30000D
   492                           ;	Boot Block Table Read Protection bit
   493                           ;	EBTRB = OFF, Boot Block (000000-0001FFh) not protected from Table Reads executed in ot
      +                          her blocks
   494  30000D                     	org	3145741
   495  30000D  40                 	db	64
   496                           tosu	equ	0xFFF
   497                           tosh	equ	0xFFE
   498                           tosl	equ	0xFFD
   499                           stkptr	equ	0xFFC
   500                           pclatu	equ	0xFFB
   501                           pclath	equ	0xFFA
   502                           pcl	equ	0xFF9
   503                           tblptru	equ	0xFF8
   504                           tblptrh	equ	0xFF7
   505                           tblptrl	equ	0xFF6
   506                           tablat	equ	0xFF5
   507                           prodh	equ	0xFF4
   508                           prodl	equ	0xFF3
   509                           indf0	equ	0xFEF
   510                           postinc0	equ	0xFEE
   511                           postdec0	equ	0xFED
   512                           preinc0	equ	0xFEC
   513                           plusw0	equ	0xFEB
   514                           fsr0h	equ	0xFEA
   515                           fsr0l	equ	0xFE9
   516                           wreg	equ	0xFE8
   517                           indf1	equ	0xFE7
   518                           postinc1	equ	0xFE6
   519                           postdec1	equ	0xFE5
   520                           preinc1	equ	0xFE4
   521                           plusw1	equ	0xFE3
   522                           fsr1h	equ	0xFE2
   523                           fsr1l	equ	0xFE1
   524                           bsr	equ	0xFE0
   525                           indf2	equ	0xFDF
   526                           postinc2	equ	0xFDE
   527                           postdec2	equ	0xFDD
   528                           preinc2	equ	0xFDC
   529                           plusw2	equ	0xFDB
   530                           fsr2h	equ	0xFDA
   531                           fsr2l	equ	0xFD9
   532                           status	equ	0xFD8

Data Sizes:
    Strings     0
    Constant    0
    Data        0
    BSS         1
    Persistent  0
    Stack       0

Auto Spaces:
    Space          Size  Autos    Used
    COMRAM           94      1       2
    BANK0           160      0       0
    BANK1           256      0       0
    BANK2           256      0       0
    BANK3           256      0       0
    BANK4           256      0       0
    BANK5           256      0       0

Pointer List with Targets:

    None.

Critical Paths under _main in COMRAM

    _main->_I2C_Slave_Init

Critical Paths under _ISR in COMRAM

    None.

Critical Paths under _main in BANK0

    None.

Critical Paths under _ISR in BANK0

    None.

Critical Paths under _main in BANK1

    None.

Critical Paths under _ISR in BANK1

    None.

Critical Paths under _main in BANK2

    None.

Critical Paths under _ISR in BANK2

    None.

Critical Paths under _main in BANK3

    None.

Critical Paths under _ISR in BANK3

    None.

Critical Paths under _main in BANK4

    None.

Critical Paths under _ISR in BANK4

    None.

Critical Paths under _main in BANK5

    None.

Critical Paths under _ISR in BANK5

    None.

Call Graph Tables:

 ---------------------------------------------------------------------------------
 (Depth) Function   	        Calls       Base Space   Used Autos Params    Refs
 ---------------------------------------------------------------------------------
 (0) _main                                                 0     0      0      15
                     _I2C_Slave_Init
 ---------------------------------------------------------------------------------
 (1) _I2C_Slave_Init                                       1     1      0      15
                                              0 COMRAM     1     1      0
 ---------------------------------------------------------------------------------
 Estimated maximum stack depth 1
 ---------------------------------------------------------------------------------
 (Depth) Function   	        Calls       Base Space   Used Autos Params    Refs
 ---------------------------------------------------------------------------------
 (2) _ISR                                                  1     1      0       0
 ---------------------------------------------------------------------------------
 Estimated maximum stack depth 2
 ---------------------------------------------------------------------------------

 Call Graph Graphs:

 _main (ROOT)
   _I2C_Slave_Init

 _ISR (ROOT)

 Address spaces:
Name               Size   Autos  Total    Cost      Usage
BIGRAM             5FF      0       0      23        0.0%
EEDATA             100      0       0       0        0.0%
BITBANK5           100      0       0      14        0.0%
BANK5              100      0       0      15        0.0%
BITBANK4           100      0       0      12        0.0%
BANK4              100      0       0      13        0.0%
BITBANK3           100      0       0      10        0.0%
BANK3              100      0       0      11        0.0%
BITBANK2           100      0       0       8        0.0%
BANK2              100      0       0       9        0.0%
BITBANK1           100      0       0       6        0.0%
BANK1              100      0       0       7        0.0%
BITBANK0            A0      0       0       4        0.0%
BANK0               A0      0       0       5        0.0%
BITBIGSFRll         83      0       0      21        0.0%
BITCOMRAM           5E      0       0       0        0.0%
COMRAM              5E      1       2       1        2.1%
BITBIGSFRhhhhl      28      0       0      17        0.0%
BITBIGSFRhhl        26      0       0      18        0.0%
BITBIGSFRlh         10      0       0      20        0.0%
BITBIGSFRhhhhh       D      0       0      16        0.0%
BITBIGSFRhl          7      0       0      19        0.0%
BIGSFR               0      0       0     200        0.0%
BITSFR_1             0      0       0     200        0.0%
SFR_1                0      0       0     200        0.0%
BITSFR               0      0       0     200        0.0%
SFR                  0      0       0     200        0.0%
STACK                0      0       0       2        0.0%
NULL                 0      0       0       0        0.0%
ABS                  0      0       2      22        0.0%
DATA                 0      0       2       3        0.0%
CODE                 0      0       0       0        0.0%


Microchip Technology PIC18 Macro Assembler V2.36 build 20220127204148 
Symbol Table                                                                                   Sat Feb 11 15:57:22 2023

                                                            _BF 007E38  
                                                            l41 0098  
                                                            l42 009A  
                                                            l57 0084  
                                                           l741 0078  
                                                           l733 0068  
                                                           l751 0082  
                                                           l743 007A  
                                                           l735 006C  
                                                           l745 007C  
                                                           l737 0070  
                                                           l753 0088  
                                                           l747 007E  
                                                           l739 0074  
                                                           l755 0092  
                                                           l749 0080  
                                                           _CKP 007E34  
                                                           _GIE 007F97  
                                                           _ISR 0008  
                                                          ?_ISR 0002  
                                                          _PEIE 007F96  
                                                          i2l50 0050  
                                                          i2l51 0034  
                                                          i2l53 0048  
                                                          i2l54 0056  
                                                          _R_nW 007E3A  
                                                          _main 0088  
                                                          btemp 0003  
                                                          start 0060  
                                                  ___param_bank 000000  
                                                         ??_ISR 0002  
                                                         ?_main 0002  
                                                         i2l761 0030  
                                                         i2l757 000C  
                                                         i2l759 001E  
                                                         _PORTD 000F83  
                                                         _TRISD 000F95  
                                                         _SSPIE 007CEB  
                                                         _SSPIF 007CF3  
                                                         ttemp5 0004  
                                                         ttemp6 0007  
                                                         ttemp7 000B  
                                                         wtemp8 0004  
                                               __initialization 00A2  
                                                  __end_of_main 00A2  
                                                        ??_main 0003  
                                                 __activetblptr 000000  
                                                        i2u1_40 001C  
                                                        i2u1_41 0016  
                                                        i2u2_40 002E  
                                                        i2u2_41 0028  
                                                        i2u3_40 0046  
                                                        i2u3_41 0040  
                                                        _SSPADD 000FC8  
                                                        _TRISC3 007CA3  
                                                        _TRISC4 007CA4  
                                                        _SSPBUF 000FC9  
                                                        isa$std 000001  
                                                    __accesstop 0060  
                                       __end_of__initialization 00A4  
                                                 ___rparam_used 000001  
                                                __pcstackCOMRAM 0002  
                                         I2C_Slave_Init@Address 0002  
                                                       _SSPCON1 000FC6  
                                                       _SSPCON2 000FC5  
                                                       _SSPSTAT 000FC7  
                                                       _RX_Data 0001  
                                                       __Hparam 0000  
                                                       __Lparam 0000  
                                                       __pcinit 00A2  
                                                       __ramtop 0600  
                                                       __ptext0 0088  
                                                       __ptext1 0064  
                                          end_of_initialization 00A4  
                                                _I2C_Slave_Init 0064  
                                        __end_of_I2C_Slave_Init 0088  
                                           start_initialization 00A2  
                                                   __end_of_ISR 005E  
                                               ?_I2C_Slave_Init 0002  
                                                   __pbssCOMRAM 0001  
                                                     __pintcode 0008  
                                                      __Hrparam 0000  
                                                      __Lrparam 0000  
                                              ??_I2C_Slave_Init 0002  
                                                      isa$xinst 000000  
                                                      int$flags 0003  
                                                      intlevel2 00AE  
